<?xml version="1.0" encoding="UTF-8"?>
<testsuite xmlns:xsi="http://www.w3.org/2001/XMLSchema-instance" xsi:noNamespaceSchemaLocation="https://maven.apache.org/surefire/maven-surefire-plugin/xsd/surefire-test-report.xsd" name="cucumber.Options.TestRunner" time="6.674" tests="2" errors="0" skipped="0" failures="0">
  <properties>
[...]
</properties>
  <testcase name="Verify if Place is being Successfully added using AddPlaceAPI" classname="Valdidating Place API" time="4.943"/>
  <testcase name="(Valdidating Place API)" classname="Valdidating Place API" time="0.824"/>
</testsuite>